#
# A fatal error has been detected by the Java Runtime Environment:
#
#  SIGSEGV (0xb) at pc=0x00007f144f8862f8, pid=14871, tid=0x00007f14bf1a1700
#
# JRE version: OpenJDK Runtime Environment (8.0_252-b09) (build 1.8.0_252-8u252-b09-1~18.04-b09)
# Java VM: OpenJDK 64-Bit Server VM (25.252-b09 mixed mode linux-amd64 compressed oops)
# Problematic frame:
# C  [libJavaAPI.so+0x2cce2f8]  daal::services::interface1::Atomic<int>::dec()+0x8
#
# Failed to write core dump. Core dumps have been disabled. To enable core dumping, try "ulimit -c unlimited" before starting Java again
#
# If you would like to submit a bug report, please visit:
#   http://bugreport.java.com/bugreport/crash.jsp
# The crash happened outside the Java Virtual Machine in native code.
# See problematic frame for where to report the bug.
#

---------------  T H R E A D  ---------------

Current thread (0x00007f14b800c800):  JavaThread "main" [_thread_in_native, id=14873, stack(0x00007f14bf0a2000,0x00007f14bf1a2000)]

siginfo: si_signo: 11 (SIGSEGV), si_code: 1 (SEGV_MAPERR), si_addr: 0x0000000000000000

Registers:
RAX=0x00000000ffffffff, RBX=0x0000000000000001, RCX=0xb908080031bd5e00, RDX=0x0000000000000000
RSP=0x00007f14bf1a03b8, RBP=0x00007f14b83dea00, RSI=0x00007f14bf1a0370, RDI=0x00007f14b85d5f28
R8 =0xffff80eb47b76efc, R9 =0x0000000000000004, R10=0x00007f14b85d5f48, R11=0x0000000000000004
R12=0x0000000000000001, R13=0x0000000000000000, R14=0x0000000000000000, R15=0x00007f14bf1a0708
RIP=0x00007f144f8862f8, EFLAGS=0x0000000000010206, CSGSFS=0x002b000000000033, ERR=0x0000000000000006
  TRAPNO=0x000000000000000e

Top of Stack: (sp=0x00007f14bf1a03b8)
0x00007f14bf1a03b8:   00007f144f61b1cd 0000000000000001
0x00007f14bf1a03c8:   0000000000000000 0000000000000000
0x00007f14bf1a03d8:   0000000000000000 0000000000000001
0x00007f14bf1a03e8:   0000000000000001 0000000000000000
0x00007f14bf1a03f8:   0000000000000000 b908771400000000
0x00007f14bf1a0408:   0000000000000000 0000000000000000
0x00007f14bf1a0418:   0000000000000000 0000000000000000
0x00007f14bf1a0428:   0000000000000000 0000000000000000
0x00007f14bf1a0438:   0000000000000000 0000000000000000
0x00007f14bf1a0448:   0000000000000000 00007f14b85d5f00
0x00007f14bf1a0458:   00007f14b85d5f00 00007f14b85d5f20
0x00007f14bf1a0468:   0000000000000001 0000000000000001
0x00007f14bf1a0478:   0000000000000000 0000000000000000
0x00007f14bf1a0488:   0000000000000000 0000000000000000
0x00007f14bf1a0498:   0000000000000000 0000000000000000
0x00007f14bf1a04a8:   00007f14b85d5f00 00007f14b85d5f00
0x00007f14bf1a04b8:   00007f14b85d5f20 0000000000000004
0x00007f14bf1a04c8:   0000000000000000 0000000000000000
0x00007f14bf1a04d8:   0000000000000001 0000000000000000
0x00007f14bf1a04e8:   0000000000000000 0000000000000000
0x00007f14bf1a04f8:   0000000000000000 0000000000000000
0x00007f14bf1a0508:   0000000000000000 0000000000000000
0x00007f14bf1a0518:   00007f14b83e0340 00007f14b83e0340
0x00007f14bf1a0528:   00007f14b83e08c0 00007f14b85ce800
0x00007f14bf1a0538:   00007f14b85ce800 00007f14b85cecf0
0x00007f14bf1a0548:   0000000000000000 b90877148ea75dc0
0x00007f14bf1a0558:   00007f14b83dea00 00007f14b82beab0
0x00007f14bf1a0568:   0000000000000000 00007f14b83dfc00
0x00007f14bf1a0578:   000000000000000a 0000000000004476
0x00007f14bf1a0588:   00007f144f61a17a 00007f14b83dea10
0x00007f14bf1a0598:   00007f14b83dfc10 0000000000000001
0x00007f14bf1a05a8:   00007f1400000000 0000000000000000 

Instructions: (pc=0x00007f144f8862f8)
0x00007f144f8862d8:   ff 48 83 c4 38 c3 66 90 b8 01 00 00 00 48 8b 17
0x00007f144f8862e8:   f0 0f c1 02 ff c0 c3 90 b8 ff ff ff ff 48 8b 17
0x00007f144f8862f8:   f0 0f c1 02 ff c8 c3 90 48 8b 07 89 30 c3 0f 1f
0x00007f144f886308:   00 0f 1f 80 00 00 00 00 48 8b 07 8b 00 c3 0f 1f 

Register to memory mapping:

RAX=0x00000000ffffffff is an unknown value
RBX=0x0000000000000001 is an unknown value
RCX=0xb908080031bd5e00 is an unknown value
RDX=0x0000000000000000 is an unknown value
RSP=0x00007f14bf1a03b8 is pointing into the stack for thread: 0x00007f14b800c800
RBP=0x00007f14b83dea00 is an unknown value
RSI=0x00007f14bf1a0370 is pointing into the stack for thread: 0x00007f14b800c800
RDI=0x00007f14b85d5f28 is an unknown value
R8 =0xffff80eb47b76efc is an unknown value
R9 =0x0000000000000004 is an unknown value
R10=0x00007f14b85d5f48 is an unknown value
R11=0x0000000000000004 is an unknown value
R12=0x0000000000000001 is an unknown value
R13=0x0000000000000000 is an unknown value
R14=0x0000000000000000 is an unknown value
R15=0x00007f14bf1a0708 is pointing into the stack for thread: 0x00007f14b800c800


Stack: [0x00007f14bf0a2000,0x00007f14bf1a2000],  sp=0x00007f14bf1a03b8,  free space=1016k
Native frames: (J=compiled Java code, j=interpreted, Vv=VM code, C=native code)
C  [libJavaAPI.so+0x2cce2f8]  daal::services::interface1::Atomic<int>::dec()+0x8

Java frames: (J=compiled Java code, j=interpreted, Vv=VM code)
j  com.intel.daal.data_management.data_source.DataSource.cLoadDataBlockNt1Input(JJ)J+0
j  com.intel.daal.data_management.data_source.DataSource.loadDataBlock(Lcom/intel/daal/data_management/data/NumericTable;)J+9
j  featureSelection.IntelGBT.trainModel()Lcom/intel/daal/algorithms/gbt/classification/training/TrainingResult;+80
j  featureSelection.IntelGBT.main([Ljava/lang/String;)V+0
v  ~StubRoutines::call_stub

---------------  P R O C E S S  ---------------

Java Threads: ( => current thread )
  0x00007f14b80cb800 JavaThread "Service Thread" daemon [_thread_blocked, id=14888, stack(0x00007f14a4148000,0x00007f14a4249000)]
  0x00007f14b80c0800 JavaThread "C1 CompilerThread2" daemon [_thread_blocked, id=14887, stack(0x00007f14a424a000,0x00007f14a434a000)]
  0x00007f14b80be800 JavaThread "C2 CompilerThread1" daemon [_thread_blocked, id=14886, stack(0x00007f14a434b000,0x00007f14a444b000)]
  0x00007f14b80bc000 JavaThread "C2 CompilerThread0" daemon [_thread_blocked, id=14885, stack(0x00007f14a444c000,0x00007f14a454c000)]
  0x00007f14b80b8000 JavaThread "Signal Dispatcher" daemon [_thread_blocked, id=14884, stack(0x00007f14a454c000,0x00007f14a464d000)]
  0x00007f14b8088800 JavaThread "Finalizer" daemon [_thread_blocked, id=14883, stack(0x00007f14a501c000,0x00007f14a511d000)]
  0x00007f14b8084000 JavaThread "Reference Handler" daemon [_thread_blocked, id=14882, stack(0x00007f14a511d000,0x00007f14a521e000)]
=>0x00007f14b800c800 JavaThread "main" [_thread_in_native, id=14873, stack(0x00007f14bf0a2000,0x00007f14bf1a2000)]

Other Threads:
  0x00007f14b807a800 VMThread [stack: 0x00007f14a521f000,0x00007f14a531f000] [id=14881]
  0x00007f14b80ce000 WatcherThread [stack: 0x00007f14a4048000,0x00007f14a4148000] [id=14889]

VM state:not at safepoint (normal execution)

VM Mutex/Monitor currently owned by a thread: None

heap address: 0x00000006c7200000, size: 3982 MB, Compressed Oops mode: Zero based, Oop shift amount: 3
Narrow klass base: 0x0000000000000000, Narrow klass shift: 3
Compressed class space size: 1073741824 Address: 0x00000007c0000000

Heap:
 PSYoungGen      total 74752K, used 13175K [0x000000076d100000, 0x0000000772400000, 0x00000007c0000000)
  eden space 64512K, 20% used [0x000000076d100000,0x000000076ddddcd0,0x0000000771000000)
  from space 10240K, 0% used [0x0000000771a00000,0x0000000771a00000,0x0000000772400000)
  to   space 10240K, 0% used [0x0000000771000000,0x0000000771000000,0x0000000771a00000)
 ParOldGen       total 171008K, used 0K [0x00000006c7200000, 0x00000006d1900000, 0x000000076d100000)
  object space 171008K, 0% used [0x00000006c7200000,0x00000006c7200000,0x00000006d1900000)
 Metaspace       used 5238K, capacity 5334K, committed 5504K, reserved 1056768K
  class space    used 542K, capacity 561K, committed 640K, reserved 1048576K

Card table byte_map: [0x00007f14a7e43000,0x00007f14a860b000] byte_map_base: 0x00007f14a480a000

Marking Bits: (ParMarkBitMap*) 0x00007f14be3413c0
 Begin Bits: [0x00007f1498390000, 0x00007f149c1c8000)
 End Bits:   [0x00007f149c1c8000, 0x00007f14a0000000)

Polling page: 0x00007f14bf1c2000

CodeCache: size=245760Kb used=1961Kb max_used=1973Kb free=243798Kb
 bounds [0x00007f14a89cb000, 0x00007f14a8c3b000, 0x00007f14b79cb000]
 total_blobs=682 nmethods=372 adapters=225
 compilation: enabled

Compilation events (10 events):
Event: 2.730 Thread 0x00007f14b80c0800  370   !   3       java.security.cert.Certificate::equals (38 bytes)
Event: 2.730 Thread 0x00007f14b80c0800 nmethod 370 0x00007f14a8bb18d0 code [0x00007f14a8bb1b00, 0x00007f14a8bb2828]
Event: 2.730 Thread 0x00007f14b80c0800  372  s    3       java.util.Vector::elementAt (48 bytes)
Event: 2.731 Thread 0x00007f14b80bc000 nmethod 366 0x00007f14a8bb1510 code [0x00007f14a8bb1660, 0x00007f14a8bb17d8]
Event: 2.731 Thread 0x00007f14b80c0800 nmethod 372 0x00007f14a8bb6390 code [0x00007f14a8bb65a0, 0x00007f14a8bb7128]
Event: 2.731 Thread 0x00007f14b80c0800  371       3       sun.security.x509.X509CertImpl::getEncodedInternal (20 bytes)
Event: 2.731 Thread 0x00007f14b80c0800 nmethod 371 0x00007f14a8bb5b10 code [0x00007f14a8bb5cc0, 0x00007f14a8bb6218]
Event: 2.731 Thread 0x00007f14b80c0800  373       1       com.intel.daal.data_management.data.DataDictionary$FeaturesEqual::ordinal (5 bytes)
Event: 2.731 Thread 0x00007f14b80c0800 nmethod 373 0x00007f14a8bb1250 code [0x00007f14a8bb13a0, 0x00007f14a8bb14b0]
Event: 2.733 Thread 0x00007f14b80be800 nmethod 368 0x00007f14a8bb5150 code [0x00007f14a8bb52c0, 0x00007f14a8bb56f8]

GC Heap History (0 events):
No events

Deoptimization events (6 events):
Event: 0.131 Thread 0x00007f14b800c800 Uncommon trap: reason=unstable_if action=reinterpret pc=0x00007f14a8b26bb8 method=java.lang.StringCoding.decode(Ljava/lang/String;[BII)[C @ 51
Event: 0.212 Thread 0x00007f14b800c800 Uncommon trap: reason=bimorphic action=maybe_recompile pc=0x00007f14a8b4cdb8 method=java.util.HashMap.putVal(ILjava/lang/Object;Ljava/lang/Object;ZZ)Ljava/lang/Object; @ 56
Event: 0.214 Thread 0x00007f14b800c800 Uncommon trap: reason=bimorphic action=maybe_recompile pc=0x00007f14a8b4ce04 method=java.util.HashMap.putVal(ILjava/lang/Object;Ljava/lang/Object;ZZ)Ljava/lang/Object; @ 152
Event: 0.215 Thread 0x00007f14b800c800 Uncommon trap: reason=bimorphic action=maybe_recompile pc=0x00007f14a8b4ce04 method=java.util.HashMap.putVal(ILjava/lang/Object;Ljava/lang/Object;ZZ)Ljava/lang/Object; @ 152
Event: 0.216 Thread 0x00007f14b800c800 Uncommon trap: reason=unstable_if action=reinterpret pc=0x00007f14a8b4cd10 method=java.util.HashMap.putVal(ILjava/lang/Object;Ljava/lang/Object;ZZ)Ljava/lang/Object; @ 69
Event: 0.219 Thread 0x00007f14b800c800 Uncommon trap: reason=unstable_if action=reinterpret pc=0x00007f14a8b72c64 method=java.util.HashMap.getNode(ILjava/lang/Object;)Ljava/util/HashMap$Node; @ 116

Classes redefined (0 events):
No events

Internal exceptions (10 events):
Event: 0.016 Thread 0x00007f14b800c800 Exception <a 'java/lang/NoSuchMethodError': Method sun.misc.Unsafe.defineClass(Ljava/lang/String;[BII)Ljava/lang/Class; name or signature does not match> (0x000000076d107cc0) thrown at [/build/openjdk-8-piDAoU/openjdk-8-8u252-b09/src/hotspot/src/share/vm/
Event: 0.016 Thread 0x00007f14b800c800 Exception <a 'java/lang/NoSuchMethodError': Method sun.misc.Unsafe.prefetchRead(Ljava/lang/Object;J)V name or signature does not match> (0x000000076d107fa8) thrown at [/build/openjdk-8-piDAoU/openjdk-8-8u252-b09/src/hotspot/src/share/vm/prims/jni.cpp, lin
Event: 0.057 Thread 0x00007f14b800c800 Exception <a 'java/security/PrivilegedActionException'> (0x000000076d198280) thrown at [/build/openjdk-8-piDAoU/openjdk-8-8u252-b09/src/hotspot/src/share/vm/prims/jvm.cpp, line 1502]
Event: 0.057 Thread 0x00007f14b800c800 Exception <a 'java/security/PrivilegedActionException'> (0x000000076d198490) thrown at [/build/openjdk-8-piDAoU/openjdk-8-8u252-b09/src/hotspot/src/share/vm/prims/jvm.cpp, line 1502]
Event: 0.217 Thread 0x00007f14b800c800 Exception <a 'java/security/PrivilegedActionException'> (0x000000076dc4f120) thrown at [/build/openjdk-8-piDAoU/openjdk-8-8u252-b09/src/hotspot/src/share/vm/prims/jvm.cpp, line 1502]
Event: 0.217 Thread 0x00007f14b800c800 Exception <a 'java/security/PrivilegedActionException'> (0x000000076dc4f330) thrown at [/build/openjdk-8-piDAoU/openjdk-8-8u252-b09/src/hotspot/src/share/vm/prims/jvm.cpp, line 1502]
Event: 0.217 Thread 0x00007f14b800c800 Exception <a 'java/security/PrivilegedActionException'> (0x000000076dc513b8) thrown at [/build/openjdk-8-piDAoU/openjdk-8-8u252-b09/src/hotspot/src/share/vm/prims/jvm.cpp, line 1502]
Event: 0.217 Thread 0x00007f14b800c800 Exception <a 'java/security/PrivilegedActionException'> (0x000000076dc515c8) thrown at [/build/openjdk-8-piDAoU/openjdk-8-8u252-b09/src/hotspot/src/share/vm/prims/jvm.cpp, line 1502]
Event: 0.217 Thread 0x00007f14b800c800 Exception <a 'java/security/PrivilegedActionException'> (0x000000076dc520a0) thrown at [/build/openjdk-8-piDAoU/openjdk-8-8u252-b09/src/hotspot/src/share/vm/prims/jvm.cpp, line 1502]
Event: 0.217 Thread 0x00007f14b800c800 Exception <a 'java/security/PrivilegedActionException'> (0x000000076dc522b0) thrown at [/build/openjdk-8-piDAoU/openjdk-8-8u252-b09/src/hotspot/src/share/vm/prims/jvm.cpp, line 1502]

Events (10 events):
Event: 2.727 loading class com/intel/daal/data_management/data/DataFeature
Event: 2.727 loading class com/intel/daal/data_management/data/DataFeature done
Event: 2.727 loading class com/intel/daal/data_management/data/DataFeatureUtils$IndexNumType
Event: 2.727 loading class com/intel/daal/data_management/data/DataFeatureUtils$IndexNumType done
Event: 2.728 loading class com/intel/daal/data_management/data/DataFeatureUtils$FeatureType
Event: 2.728 loading class com/intel/daal/data_management/data/DataFeatureUtils$FeatureType done
Event: 2.728 loading class com/intel/daal/data_management/data/MergedNumericTableImpl
Event: 2.728 loading class com/intel/daal/data_management/data/MergedNumericTableImpl done
Event: 2.729 loading class com/intel/daal/data_management/data/NumericTable$StorageLayout
Event: 2.729 loading class com/intel/daal/data_management/data/NumericTable$StorageLayout done


Dynamic libraries:
6c7200000-6d1900000 rw-p 00000000 00:00 0 
6d1900000-76d100000 ---p 00000000 00:00 0 
76d100000-772400000 rw-p 00000000 00:00 0 
772400000-7c0000000 ---p 00000000 00:00 0 
7c0000000-7c00a0000 rw-p 00000000 00:00 0 
7c00a0000-800000000 ---p 00000000 00:00 0 
5571ad1a3000-5571ad1a4000 r-xp 00000000 08:05 2757296                    /usr/lib/jvm/java-8-openjdk-amd64/jre/bin/java
5571ad3a3000-5571ad3a4000 r--p 00000000 08:05 2757296                    /usr/lib/jvm/java-8-openjdk-amd64/jre/bin/java
5571ad3a4000-5571ad3a5000 rw-p 00001000 08:05 2757296                    /usr/lib/jvm/java-8-openjdk-amd64/jre/bin/java
5571adf5e000-5571adf7f000 rw-p 00000000 00:00 0                          [heap]
7f144cbb8000-7f145b900000 r-xp 00000000 08:05 787660                     /tmp/daal_1592562941624/lib/libJavaAPI.so
7f145b900000-7f145bb00000 ---p 0ed48000 08:05 787660                     /tmp/daal_1592562941624/lib/libJavaAPI.so
7f145bb00000-7f145bc9b000 r--p 0ed48000 08:05 787660                     /tmp/daal_1592562941624/lib/libJavaAPI.so
7f145bc9b000-7f145bfdd000 rw-p 0eee3000 08:05 787660                     /tmp/daal_1592562941624/lib/libJavaAPI.so
7f145bfdd000-7f145c000000 rw-p 00000000 00:00 0 
7f145c000000-7f145c021000 rw-p 00000000 00:00 0 
7f145c021000-7f1460000000 ---p 00000000 00:00 0 
7f1464000000-7f14642b5000 rw-p 00000000 00:00 0 
7f14642b5000-7f1468000000 ---p 00000000 00:00 0 
7f1468000000-7f1468021000 rw-p 00000000 00:00 0 
7f1468021000-7f146c000000 ---p 00000000 00:00 0 
7f146c000000-7f146c29a000 rw-p 00000000 00:00 0 
7f146c29a000-7f1470000000 ---p 00000000 00:00 0 
7f1470000000-7f14702d8000 rw-p 00000000 00:00 0 
7f14702d8000-7f1474000000 ---p 00000000 00:00 0 
7f1474000000-7f1474021000 rw-p 00000000 00:00 0 
7f1474021000-7f1478000000 ---p 00000000 00:00 0 
7f1478000000-7f1478021000 rw-p 00000000 00:00 0 
7f1478021000-7f147c000000 ---p 00000000 00:00 0 
7f147c000000-7f147c021000 rw-p 00000000 00:00 0 
7f147c021000-7f1480000000 ---p 00000000 00:00 0 
7f1480000000-7f1480021000 rw-p 00000000 00:00 0 
7f1480021000-7f1484000000 ---p 00000000 00:00 0 
7f1484000000-7f1484021000 rw-p 00000000 00:00 0 
7f1484021000-7f1488000000 ---p 00000000 00:00 0 
7f148c000000-7f148c021000 rw-p 00000000 00:00 0 
7f148c021000-7f1490000000 ---p 00000000 00:00 0 
7f1493725000-7f1493925000 rw-p 00000000 00:00 0 
7f1493925000-7f149395b000 r-xp 00000000 08:05 787392                     /tmp/daal_1592562941624/lib/libtbbmalloc.so.2
7f149395b000-7f1493b5b000 ---p 00036000 08:05 787392                     /tmp/daal_1592562941624/lib/libtbbmalloc.so.2
7f1493b5b000-7f1493b5c000 r--p 00036000 08:05 787392                     /tmp/daal_1592562941624/lib/libtbbmalloc.so.2
7f1493b5c000-7f1493b5f000 rw-p 00037000 08:05 787392                     /tmp/daal_1592562941624/lib/libtbbmalloc.so.2
7f1493b5f000-7f1493b80000 rw-p 00000000 00:00 0 
7f1493b80000-7f1493be0000 r-xp 00000000 08:05 787037                     /tmp/daal_1592562941624/lib/libtbb.so.2
7f1493be0000-7f1493de0000 ---p 00060000 08:05 787037                     /tmp/daal_1592562941624/lib/libtbb.so.2
7f1493de0000-7f1493de1000 r--p 00060000 08:05 787037                     /tmp/daal_1592562941624/lib/libtbb.so.2
7f1493de1000-7f1493de6000 rw-p 00061000 08:05 787037                     /tmp/daal_1592562941624/lib/libtbb.so.2
7f1493de6000-7f1493de8000 rw-p 00000000 00:00 0 
7f1493de8000-7f1493dff000 r-xp 00000000 08:05 2757331                    /usr/lib/jvm/java-8-openjdk-amd64/jre/lib/amd64/libnet.so
7f1493dff000-7f1493ffe000 ---p 00017000 08:05 2757331                    /usr/lib/jvm/java-8-openjdk-amd64/jre/lib/amd64/libnet.so
7f1493ffe000-7f1493fff000 r--p 00016000 08:05 2757331                    /usr/lib/jvm/java-8-openjdk-amd64/jre/lib/amd64/libnet.so
7f1493fff000-7f1494000000 rw-p 00017000 08:05 2757331                    /usr/lib/jvm/java-8-openjdk-amd64/jre/lib/amd64/libnet.so
7f1494000000-7f1494021000 rw-p 00000000 00:00 0 
7f1494021000-7f1498000000 ---p 00000000 00:00 0 
7f1498008000-7f1498058000 rw-p 00000000 00:00 0 
7f1498058000-7f149805d000 r--s 000a7000 08:05 2757376                    /usr/lib/jvm/java-8-openjdk-amd64/jre/lib/jsse.jar
7f14980a3000-7f14980a5000 r--s 12b0e000 08:05 3148812                    /home/silvio/.m2/repository/com/intel/daal/daal-natives/2020.1.009/daal-natives-2020.1.009-linux-x86_64.jar
7f14980a5000-7f14980db000 r--s 002bd000 08:05 3148810                    /home/silvio/.m2/repository/com/intel/daal/daal/2020.1.009/daal-2020.1.009.jar
7f14980db000-7f14980ed000 r--s 00112000 08:05 3281790                    /home/silvio/.m2/repository/net/sourceforge/f2j/arpack_combined_all/0.1/arpack_combined_all-0.1.jar
7f14980ed000-7f149814c000 r--s 00835000 08:05 3154750                    /home/silvio/.m2/repository/nz/ac/waikato/cms/weka/weka-stable/3.8.0/weka-stable-3.8.0.jar
7f149814c000-7f149817d000 rw-p 00000000 00:00 0 
7f149817d000-7f149818f000 r-xp 00000000 08:05 2757332                    /usr/lib/jvm/java-8-openjdk-amd64/jre/lib/amd64/libnio.so
7f149818f000-7f149838e000 ---p 00012000 08:05 2757332                    /usr/lib/jvm/java-8-openjdk-amd64/jre/lib/amd64/libnio.so
7f149838e000-7f149838f000 r--p 00011000 08:05 2757332                    /usr/lib/jvm/java-8-openjdk-amd64/jre/lib/amd64/libnio.so
7f149838f000-7f1498390000 rw-p 00012000 08:05 2757332                    /usr/lib/jvm/java-8-openjdk-amd64/jre/lib/amd64/libnio.so
7f1498390000-7f14a0000000 rw-p 00000000 00:00 0 
7f14a0000000-7f14a0021000 rw-p 00000000 00:00 0 
7f14a0021000-7f14a4000000 ---p 00000000 00:00 0 
7f14a4001000-7f14a4003000 r--s 00016000 08:05 2757374                    /usr/lib/jvm/java-8-openjdk-amd64/jre/lib/jce.jar
7f14a4003000-7f14a4005000 r--s 00027000 08:05 4723094                    /home/silvio/.m2/repository/com/github/fommil/netlib/core/1.1/core-1.1.jar
7f14a4005000-7f14a4007000 r--s 00016000 08:05 5381013                    /home/silvio/.m2/repository/com/googlecode/netlib-java/netlib-java/1.1/netlib-java-1.1.jar
7f14a4007000-7f14a4009000 r--s 00088000 08:05 5381012                    /home/silvio/.m2/repository/com/github/fommil/netlib/netlib-native_system-win-i686/1.1/netlib-native_system-win-i686-1.1-natives.jar
7f14a4009000-7f14a400a000 r--s 0009b000 08:05 5381009                    /home/silvio/.m2/repository/com/github/fommil/netlib/netlib-native_system-win-x86_64/1.1/netlib-native_system-win-x86_64-1.1-natives.jar
7f14a400a000-7f14a400b000 r--s 0004b000 08:05 5381007                    /home/silvio/.m2/repository/com/github/fommil/netlib/netlib-native_system-linux-armhf/1.1/netlib-native_system-linux-armhf-1.1-natives.jar
7f14a400b000-7f14a400c000 r--s 0006a000 08:05 5381006                    /home/silvio/.m2/repository/com/github/fommil/netlib/netlib-native_system-linux-i686/1.1/netlib-native_system-linux-i686-1.1-natives.jar
7f14a400c000-7f14a400d000 r--s 0006f000 08:05 5381003                    /home/silvio/.m2/repository/com/github/fommil/netlib/netlib-native_system-linux-x86_64/1.1/netlib-native_system-linux-x86_64-1.1-natives.jar
7f14a400d000-7f14a400e000 r--s 0000d000 08:05 5381001                    /home/silvio/.m2/repository/com/github/fommil/netlib/native_system-java/1.1/native_system-java-1.1.jar
7f14a400e000-7f14a400f000 r--s 00087000 08:05 5381000                    /home/silvio/.m2/repository/com/github/fommil/netlib/netlib-native_system-osx-x86_64/1.1/netlib-native_system-osx-x86_64-1.1-natives.jar
7f14a400f000-7f14a4010000 r--s 00126000 08:05 5380997                    /home/silvio/.m2/repository/com/github/fommil/netlib/netlib-native_ref-linux-armhf/1.1/netlib-native_ref-linux-armhf-1.1-natives.jar
7f14a4010000-7f14a4011000 r--s 001bd000 08:05 5380995                    /home/silvio/.m2/repository/com/github/fommil/netlib/netlib-native_ref-win-i686/1.1/netlib-native_ref-win-i686-1.1-natives.jar
7f14a4011000-7f14a402c000 r--s 001d6000 08:05 2757360                    /usr/lib/jvm/java-8-openjdk-amd64/jre/lib/ext/nashorn.jar
7f14a402c000-7f14a4047000 r--s 00394000 08:05 2757355                    /usr/lib/jvm/java-8-openjdk-amd64/jre/lib/ext/cldrdata.jar
7f14a4047000-7f14a4048000 ---p 00000000 00:00 0 
7f14a4048000-7f14a4148000 rw-p 00000000 00:00 0 
7f14a4148000-7f14a414b000 ---p 00000000 00:00 0 
7f14a414b000-7f14a4249000 rw-p 00000000 00:00 0 
7f14a4249000-7f14a424a000 ---p 00000000 00:00 0 
7f14a424a000-7f14a424d000 ---p 00000000 00:00 0 
7f14a424d000-7f14a434a000 rw-p 00000000 00:00 0 
7f14a434a000-7f14a434b000 ---p 00000000 00:00 0 
7f14a434b000-7f14a434e000 ---p 00000000 00:00 0 
7f14a434e000-7f14a444b000 rw-p 00000000 00:00 0 
7f14a444b000-7f14a444c000 ---p 00000000 00:00 0 
7f14a444c000-7f14a444f000 ---p 00000000 00:00 0 
7f14a444f000-7f14a454c000 rw-p 00000000 00:00 0 
7f14a454c000-7f14a454f000 ---p 00000000 00:00 0 
7f14a454f000-7f14a464d000 rw-p 00000000 00:00 0 
7f14a464d000-7f14a501c000 r--p 00000000 08:05 2759451                    /usr/lib/locale/locale-archive
7f14a501c000-7f14a501f000 ---p 00000000 00:00 0 
7f14a501f000-7f14a511d000 rw-p 00000000 00:00 0 
7f14a511d000-7f14a5120000 ---p 00000000 00:00 0 
7f14a5120000-7f14a521e000 rw-p 00000000 00:00 0 
7f14a521e000-7f14a521f000 ---p 00000000 00:00 0 
7f14a521f000-7f14a6300000 rw-p 00000000 00:00 0 
7f14a6300000-7f14a64d2000 r--s 03ca5000 08:05 2757381                    /usr/lib/jvm/java-8-openjdk-amd64/jre/lib/rt.jar
7f14a64d2000-7f14a6a08000 rw-p 00000000 00:00 0 
7f14a6a08000-7f14a6d48000 ---p 00000000 00:00 0 
7f14a6d48000-7f14a750f000 rw-p 00000000 00:00 0 
7f14a750f000-7f14a7510000 ---p 00000000 00:00 0 
7f14a7510000-7f14a7610000 rw-p 00000000 00:00 0 
7f14a7610000-7f14a7611000 ---p 00000000 00:00 0 
7f14a7611000-7f14a7711000 rw-p 00000000 00:00 0 
7f14a7711000-7f14a7712000 ---p 00000000 00:00 0 
7f14a7712000-7f14a7812000 rw-p 00000000 00:00 0 
7f14a7812000-7f14a7813000 ---p 00000000 00:00 0 
7f14a7813000-7f14a7967000 rw-p 00000000 00:00 0 
7f14a7967000-7f14a7e43000 ---p 00000000 00:00 0 
7f14a7e43000-7f14a7e97000 rw-p 00000000 00:00 0 
7f14a7e97000-7f14a8372000 ---p 00000000 00:00 0 
7f14a8372000-7f14a839c000 rw-p 00000000 00:00 0 
7f14a839c000-7f14a860a000 ---p 00000000 00:00 0 
7f14a860a000-7f14a8615000 rw-p 00000000 00:00 0 
7f14a8615000-7f14a89cb000 ---p 00000000 00:00 0 
7f14a89cb000-7f14a8c3b000 rwxp 00000000 00:00 0 
7f14a8c3b000-7f14b79cb000 ---p 00000000 00:00 0 
7f14b79cb000-7f14b79d3000 r-xp 00000000 08:05 2757339                    /usr/lib/jvm/java-8-openjdk-amd64/jre/lib/amd64/libzip.so
7f14b79d3000-7f14b7bd2000 ---p 00008000 08:05 2757339                    /usr/lib/jvm/java-8-openjdk-amd64/jre/lib/amd64/libzip.so
7f14b7bd2000-7f14b7bd3000 r--p 00007000 08:05 2757339                    /usr/lib/jvm/java-8-openjdk-amd64/jre/lib/amd64/libzip.so
7f14b7bd3000-7f14b7bd4000 rw-p 00008000 08:05 2757339                    /usr/lib/jvm/java-8-openjdk-amd64/jre/lib/amd64/libzip.so
7f14b7bd4000-7f14b7bdf000 r-xp 00000000 08:05 398186                     /lib/x86_64-linux-gnu/libnss_files-2.27.so
7f14b7bdf000-7f14b7dde000 ---p 0000b000 08:05 398186                     /lib/x86_64-linux-gnu/libnss_files-2.27.so
7f14b7dde000-7f14b7ddf000 r--p 0000a000 08:05 398186                     /lib/x86_64-linux-gnu/libnss_files-2.27.so
7f14b7ddf000-7f14b7de0000 rw-p 0000b000 08:05 398186                     /lib/x86_64-linux-gnu/libnss_files-2.27.so
7f14b7de0000-7f14b7de6000 rw-p 00000000 00:00 0 
7f14b7de6000-7f14b7dfd000 r-xp 00000000 08:05 398180                     /lib/x86_64-linux-gnu/libnsl-2.27.so
7f14b7dfd000-7f14b7ffc000 ---p 00017000 08:05 398180                     /lib/x86_64-linux-gnu/libnsl-2.27.so
7f14b7ffc000-7f14b7ffd000 r--p 00016000 08:05 398180                     /lib/x86_64-linux-gnu/libnsl-2.27.so
7f14b7ffd000-7f14b7ffe000 rw-p 00017000 08:05 398180                     /lib/x86_64-linux-gnu/libnsl-2.27.so
7f14b7ffe000-7f14b8000000 rw-p 00000000 00:00 0 
7f14b8000000-7f14b85d6000 rw-p 00000000 00:00 0 
7f14b85d6000-7f14bc000000 ---p 00000000 00:00 0 
7f14bc000000-7f14bc001000 r--s 00232000 08:05 5247700                    /home/silvio/.m2/repository/com/github/fommil/netlib/netlib-native_ref-win-x86_64/1.1/netlib-native_ref-win-x86_64-1.1-natives.jar
7f14bc001000-7f14bc002000 r--s 0016b000 08:05 4983435                    /home/silvio/.m2/repository/com/github/fommil/netlib/netlib-native_ref-linux-i686/1.1/netlib-native_ref-linux-i686-1.1-natives.jar
7f14bc002000-7f14bc004000 r--s 001aa000 08:05 4853176                    /home/silvio/.m2/repository/com/github/fommil/netlib/netlib-native_ref-linux-x86_64/1.1/netlib-native_ref-linux-x86_64-1.1-natives.jar
7f14bc004000-7f14bc006000 r--s 00001000 08:05 4723092                    /home/silvio/.m2/repository/com/github/fommil/jniloader/1.1/jniloader-1.1.jar
7f14bc006000-7f14bc008000 r--s 001c0000 08:05 4459181                    /home/silvio/.m2/repository/com/github/fommil/netlib/netlib-native_ref-osx-x86_64/1.1/netlib-native_ref-osx-x86_64-1.1-natives.jar
7f14bc008000-7f14bc00d000 r--s 0003d000 08:05 3954177                    /home/silvio/.m2/repository/com/googlecode/matrix-toolkits-java/mtj/1.0.4/mtj-1.0.4.jar
7f14bc00d000-7f14bc011000 r--s 0002f000 08:05 3678100                    /home/silvio/.m2/repository/nz/ac/waikato/cms/weka/thirdparty/bounce/0.18/bounce-0.18.jar
7f14bc011000-7f14bc032000 rw-p 00000000 00:00 0 
7f14bc032000-7f14bc03d000 r-xp 00000000 08:05 398197                     /lib/x86_64-linux-gnu/libnss_nis-2.27.so
7f14bc03d000-7f14bc23c000 ---p 0000b000 08:05 398197                     /lib/x86_64-linux-gnu/libnss_nis-2.27.so
7f14bc23c000-7f14bc23d000 r--p 0000a000 08:05 398197                     /lib/x86_64-linux-gnu/libnss_nis-2.27.so
7f14bc23d000-7f14bc23e000 rw-p 0000b000 08:05 398197                     /lib/x86_64-linux-gnu/libnss_nis-2.27.so
7f14bc23e000-7f14bc246000 r-xp 00000000 08:05 398182                     /lib/x86_64-linux-gnu/libnss_compat-2.27.so
7f14bc246000-7f14bc446000 ---p 00008000 08:05 398182                     /lib/x86_64-linux-gnu/libnss_compat-2.27.so
7f14bc446000-7f14bc447000 r--p 00008000 08:05 398182                     /lib/x86_64-linux-gnu/libnss_compat-2.27.so
7f14bc447000-7f14bc448000 rw-p 00009000 08:05 398182                     /lib/x86_64-linux-gnu/libnss_compat-2.27.so
7f14bc448000-7f14bc472000 r-xp 00000000 08:05 2757320                    /usr/lib/jvm/java-8-openjdk-amd64/jre/lib/amd64/libjava.so
7f14bc472000-7f14bc671000 ---p 0002a000 08:05 2757320                    /usr/lib/jvm/java-8-openjdk-amd64/jre/lib/amd64/libjava.so
7f14bc671000-7f14bc672000 r--p 00029000 08:05 2757320                    /usr/lib/jvm/java-8-openjdk-amd64/jre/lib/amd64/libjava.so
7f14bc672000-7f14bc674000 rw-p 0002a000 08:05 2757320                    /usr/lib/jvm/java-8-openjdk-amd64/jre/lib/amd64/libjava.so
7f14bc674000-7f14bc684000 r-xp 00000000 08:05 2757338                    /usr/lib/jvm/java-8-openjdk-amd64/jre/lib/amd64/libverify.so
7f14bc684000-7f14bc883000 ---p 00010000 08:05 2757338                    /usr/lib/jvm/java-8-openjdk-amd64/jre/lib/amd64/libverify.so
7f14bc883000-7f14bc885000 r--p 0000f000 08:05 2757338                    /usr/lib/jvm/java-8-openjdk-amd64/jre/lib/amd64/libverify.so
7f14bc885000-7f14bc886000 rw-p 00011000 08:05 2757338                    /usr/lib/jvm/java-8-openjdk-amd64/jre/lib/amd64/libverify.so
7f14bc886000-7f14bc88d000 r-xp 00000000 08:05 398237                     /lib/x86_64-linux-gnu/librt-2.27.so
7f14bc88d000-7f14bca8c000 ---p 00007000 08:05 398237                     /lib/x86_64-linux-gnu/librt-2.27.so
7f14bca8c000-7f14bca8d000 r--p 00006000 08:05 398237                     /lib/x86_64-linux-gnu/librt-2.27.so
7f14bca8d000-7f14bca8e000 rw-p 00007000 08:05 398237                     /lib/x86_64-linux-gnu/librt-2.27.so
7f14bca8e000-7f14bcaa5000 r-xp 00000000 08:05 410202                     /lib/x86_64-linux-gnu/libgcc_s.so.1
7f14bcaa5000-7f14bcca4000 ---p 00017000 08:05 410202                     /lib/x86_64-linux-gnu/libgcc_s.so.1
7f14bcca4000-7f14bcca5000 r--p 00016000 08:05 410202                     /lib/x86_64-linux-gnu/libgcc_s.so.1
7f14bcca5000-7f14bcca6000 rw-p 00017000 08:05 410202                     /lib/x86_64-linux-gnu/libgcc_s.so.1
7f14bcca6000-7f14bce43000 r-xp 00000000 08:05 398159                     /lib/x86_64-linux-gnu/libm-2.27.so
7f14bce43000-7f14bd042000 ---p 0019d000 08:05 398159                     /lib/x86_64-linux-gnu/libm-2.27.so
7f14bd042000-7f14bd043000 r--p 0019c000 08:05 398159                     /lib/x86_64-linux-gnu/libm-2.27.so
7f14bd043000-7f14bd044000 rw-p 0019d000 08:05 398159                     /lib/x86_64-linux-gnu/libm-2.27.so
7f14bd044000-7f14bd1bd000 r-xp 00000000 08:05 2752695                    /usr/lib/x86_64-linux-gnu/libstdc++.so.6.0.25
7f14bd1bd000-7f14bd3bd000 ---p 00179000 08:05 2752695                    /usr/lib/x86_64-linux-gnu/libstdc++.so.6.0.25
7f14bd3bd000-7f14bd3c7000 r--p 00179000 08:05 2752695                    /usr/lib/x86_64-linux-gnu/libstdc++.so.6.0.25
7f14bd3c7000-7f14bd3c9000 rw-p 00183000 08:05 2752695                    /usr/lib/x86_64-linux-gnu/libstdc++.so.6.0.25
7f14bd3c9000-7f14bd3cd000 rw-p 00000000 00:00 0 
7f14bd3cd000-7f14be071000 r-xp 00000000 08:05 2757341                    /usr/lib/jvm/java-8-openjdk-amd64/jre/lib/amd64/server/libjvm.so
7f14be071000-7f14be271000 ---p 00ca4000 08:05 2757341                    /usr/lib/jvm/java-8-openjdk-amd64/jre/lib/amd64/server/libjvm.so
7f14be271000-7f14be305000 r--p 00ca4000 08:05 2757341                    /usr/lib/jvm/java-8-openjdk-amd64/jre/lib/amd64/server/libjvm.so
7f14be305000-7f14be32e000 rw-p 00d38000 08:05 2757341                    /usr/lib/jvm/java-8-openjdk-amd64/jre/lib/amd64/server/libjvm.so
7f14be32e000-7f14be35e000 rw-p 00000000 00:00 0 
7f14be35e000-7f14be378000 r-xp 00000000 08:05 398229                     /lib/x86_64-linux-gnu/libpthread-2.27.so
7f14be378000-7f14be577000 ---p 0001a000 08:05 398229                     /lib/x86_64-linux-gnu/libpthread-2.27.so
7f14be577000-7f14be578000 r--p 00019000 08:05 398229                     /lib/x86_64-linux-gnu/libpthread-2.27.so
7f14be578000-7f14be579000 rw-p 0001a000 08:05 398229                     /lib/x86_64-linux-gnu/libpthread-2.27.so
7f14be579000-7f14be57d000 rw-p 00000000 00:00 0 
7f14be57d000-7f14be580000 r-xp 00000000 08:05 398119                     /lib/x86_64-linux-gnu/libdl-2.27.so
7f14be580000-7f14be77f000 ---p 00003000 08:05 398119                     /lib/x86_64-linux-gnu/libdl-2.27.so
7f14be77f000-7f14be780000 r--p 00002000 08:05 398119                     /lib/x86_64-linux-gnu/libdl-2.27.so
7f14be780000-7f14be781000 rw-p 00003000 08:05 398119                     /lib/x86_64-linux-gnu/libdl-2.27.so
7f14be781000-7f14be79d000 r-xp 00000000 08:05 398268                     /lib/x86_64-linux-gnu/libz.so.1.2.11
7f14be79d000-7f14be99c000 ---p 0001c000 08:05 398268                     /lib/x86_64-linux-gnu/libz.so.1.2.11
7f14be99c000-7f14be99d000 r--p 0001b000 08:05 398268                     /lib/x86_64-linux-gnu/libz.so.1.2.11
7f14be99d000-7f14be99e000 rw-p 0001c000 08:05 398268                     /lib/x86_64-linux-gnu/libz.so.1.2.11
7f14be99e000-7f14beb85000 r-xp 00000000 08:05 398096                     /lib/x86_64-linux-gnu/libc-2.27.so
7f14beb85000-7f14bed85000 ---p 001e7000 08:05 398096                     /lib/x86_64-linux-gnu/libc-2.27.so
7f14bed85000-7f14bed89000 r--p 001e7000 08:05 398096                     /lib/x86_64-linux-gnu/libc-2.27.so
7f14bed89000-7f14bed8b000 rw-p 001eb000 08:05 398096                     /lib/x86_64-linux-gnu/libc-2.27.so
7f14bed8b000-7f14bed8f000 rw-p 00000000 00:00 0 
7f14bed8f000-7f14bed9d000 r-xp 00000000 08:05 2757306                    /usr/lib/jvm/java-8-openjdk-amd64/jre/lib/amd64/jli/libjli.so
7f14bed9d000-7f14bef9c000 ---p 0000e000 08:05 2757306                    /usr/lib/jvm/java-8-openjdk-amd64/jre/lib/amd64/jli/libjli.so
7f14bef9c000-7f14bef9d000 r--p 0000d000 08:05 2757306                    /usr/lib/jvm/java-8-openjdk-amd64/jre/lib/amd64/jli/libjli.so
7f14bef9d000-7f14bef9e000 rw-p 0000e000 08:05 2757306                    /usr/lib/jvm/java-8-openjdk-amd64/jre/lib/amd64/jli/libjli.so
7f14bef9e000-7f14befc5000 r-xp 00000000 08:05 398068                     /lib/x86_64-linux-gnu/ld-2.27.so
7f14befc5000-7f14befc6000 r--s 0000d000 08:05 4590419                    /home/silvio/.m2/repository/com/github/fommil/netlib/native_ref-java/1.1/native_ref-java-1.1.jar
7f14befc6000-7f14befc7000 r--s 00005000 08:05 3543765                    /home/silvio/.m2/repository/nz/ac/waikato/cms/weka/thirdparty/java-cup-11b-runtime/2015.03.26/java-cup-11b-runtime-2015.03.26.jar
7f14befc7000-7f14befc9000 r--s 00016000 08:05 3413012                    /home/silvio/.m2/repository/nz/ac/waikato/cms/weka/thirdparty/java-cup-11b/2015.03.26/java-cup-11b-2015.03.26.jar
7f14befc9000-7f14befcc000 r--s 0000f000 08:05 2757357                    /usr/lib/jvm/java-8-openjdk-amd64/jre/lib/ext/icedtea-sound.jar
7f14befcc000-7f14befd0000 r--s 0003a000 08:05 2757363                    /usr/lib/jvm/java-8-openjdk-amd64/jre/lib/ext/sunpkcs11.jar
7f14befd0000-7f14bf0a1000 rw-p 00000000 00:00 0 
7f14bf0a1000-7f14bf0a2000 ---p 00000000 00:00 0 
7f14bf0a2000-7f14bf0a5000 ---p 00000000 00:00 0 
7f14bf0a5000-7f14bf1a4000 rw-p 00000000 00:00 0 
7f14bf1a4000-7f14bf1a5000 r--s 0000a000 08:05 2757358                    /usr/lib/jvm/java-8-openjdk-amd64/jre/lib/ext/jaccess.jar
7f14bf1a5000-7f14bf1a6000 r--s 00010000 08:05 2757364                    /usr/lib/jvm/java-8-openjdk-amd64/jre/lib/ext/zipfs.jar
7f14bf1a6000-7f14bf1a7000 r--s 0000d000 08:05 2757361                    /usr/lib/jvm/java-8-openjdk-amd64/jre/lib/ext/sunec.jar
7f14bf1a7000-7f14bf1ad000 r--s 0003d000 08:05 2757362                    /usr/lib/jvm/java-8-openjdk-amd64/jre/lib/ext/sunjce_provider.jar
7f14bf1ad000-7f14bf1b7000 r--s 00116000 08:05 2757359                    /usr/lib/jvm/java-8-openjdk-amd64/jre/lib/ext/localedata.jar
7f14bf1b7000-7f14bf1b9000 r--s 00001000 08:05 2757356                    /usr/lib/jvm/java-8-openjdk-amd64/jre/lib/ext/dnsns.jar
7f14bf1b9000-7f14bf1c1000 rw-s 00000000 08:05 786976                     /tmp/hsperfdata_silvio/14871
7f14bf1c1000-7f14bf1c2000 rw-p 00000000 00:00 0 
7f14bf1c2000-7f14bf1c3000 r--p 00000000 00:00 0 
7f14bf1c3000-7f14bf1c5000 rw-p 00000000 00:00 0 
7f14bf1c5000-7f14bf1c6000 r--p 00027000 08:05 398068                     /lib/x86_64-linux-gnu/ld-2.27.so
7f14bf1c6000-7f14bf1c7000 rw-p 00028000 08:05 398068                     /lib/x86_64-linux-gnu/ld-2.27.so
7f14bf1c7000-7f14bf1c8000 rw-p 00000000 00:00 0 
7ffc5753c000-7ffc5755e000 rw-p 00000000 00:00 0                          [stack]
7ffc57564000-7ffc57567000 r--p 00000000 00:00 0                          [vvar]
7ffc57567000-7ffc57568000 r-xp 00000000 00:00 0                          [vdso]
ffffffffff600000-ffffffffff601000 --xp 00000000 00:00 0                  [vsyscall]

VM Arguments:
java_command: featureSelection.IntelGBT
java_class_path (initial): /home/silvio/NetBeansProjects/Classificacao/target/classes:/home/silvio/.m2/repository/nz/ac/waikato/cms/weka/weka-stable/3.8.0/weka-stable-3.8.0.jar:/home/silvio/.m2/repository/nz/ac/waikato/cms/weka/thirdparty/java-cup-11b/2015.03.26/java-cup-11b-2015.03.26.jar:/home/silvio/.m2/repository/nz/ac/waikato/cms/weka/thirdparty/java-cup-11b-runtime/2015.03.26/java-cup-11b-runtime-2015.03.26.jar:/home/silvio/.m2/repository/nz/ac/waikato/cms/weka/thirdparty/bounce/0.18/bounce-0.18.jar:/home/silvio/.m2/repository/com/googlecode/matrix-toolkits-java/mtj/1.0.4/mtj-1.0.4.jar:/home/silvio/.m2/repository/com/github/fommil/netlib/netlib-native_ref-osx-x86_64/1.1/netlib-native_ref-osx-x86_64-1.1-natives.jar:/home/silvio/.m2/repository/com/github/fommil/netlib/native_ref-java/1.1/native_ref-java-1.1.jar:/home/silvio/.m2/repository/com/github/fommil/jniloader/1.1/jniloader-1.1.jar:/home/silvio/.m2/repository/com/github/fommil/netlib/netlib-native_ref-linux-x86_64/1.1/netlib-native_ref-linux-x86_64-1.1-natives.jar:/home/silvio/.m2/repository/com/github/fommil/netlib/netlib-native_ref-linux-i686/1.1/netlib-native_ref-linux-i686-1.1-natives.jar:/home/silvio/.m2/repository/com/github/fommil/netlib/netlib-native_ref-win-x86_64/1.1/netlib-native_ref-win-x86_64-1.1-natives.jar:/home/silvio/.m2/repository/com/github/fommil/netlib/netlib-native_ref-win-i686/1.1/netlib-native_ref-win-i686-1.1-natives.jar:/home/silvio/.m2/repository/com/github/fommil/netlib/netlib-native_ref-linux-armhf/1.1/netlib-native_ref-linux-armhf-1.1-natives.jar:/home/silvio/.m2/repository/com/github/fommil/netlib/netlib-native_system-osx-x86_64/1.1/netlib-native_system-osx-x86_64-1.1-natives.jar:/home/silvio/.m2/repository/com/github/fommil/netlib/native_system-java/1.1/native_system-java-1.1.jar:/home/silvio/.m2/repository/com/github/fommil/netlib/netlib-native_system-linux-x86_64/1.1/netlib-native_system-linux-x86_64-1.1-natives.jar:/home/silvio/.m2/repository/com/github/fommil/netlib/ne
Launcher Type: SUN_STANDARD

Environment Variables:
JAVA_HOME=/usr/lib/jvm/java-8-openjdk-amd64
PATH=/usr/local/sbin:/usr/local/bin:/usr/sbin:/usr/bin:/sbin:/bin:/usr/games:/usr/local/games:/snap/bin
USERNAME=silvio
SHELL=/bin/bash
DISPLAY=:0

Signal Handlers:
SIGSEGV: [libjvm.so+0xabd470], sa_mask[0]=11111111011111111101111111111110, sa_flags=SA_RESTART|SA_SIGINFO
SIGBUS: [libjvm.so+0xabd470], sa_mask[0]=11111111011111111101111111111110, sa_flags=SA_RESTART|SA_SIGINFO
SIGFPE: [libjvm.so+0x8f1c90], sa_mask[0]=11111111011111111101111111111110, sa_flags=SA_RESTART|SA_SIGINFO
SIGPIPE: [libjvm.so+0x8f1c90], sa_mask[0]=11111111011111111101111111111110, sa_flags=SA_RESTART|SA_SIGINFO
SIGXFSZ: [libjvm.so+0x8f1c90], sa_mask[0]=11111111011111111101111111111110, sa_flags=SA_RESTART|SA_SIGINFO
SIGILL: [libjvm.so+0x8f1c90], sa_mask[0]=11111111011111111101111111111110, sa_flags=SA_RESTART|SA_SIGINFO
SIGUSR1: SIG_DFL, sa_mask[0]=00000000000000000000000000000000, sa_flags=none
SIGUSR2: [libjvm.so+0x8f1b40], sa_mask[0]=00100000000000000000000000000000, sa_flags=SA_RESTART|SA_SIGINFO
SIGHUP: [libjvm.so+0x8f21b0], sa_mask[0]=11111111011111111101111111111110, sa_flags=SA_RESTART|SA_SIGINFO
SIGINT: SIG_IGN, sa_mask[0]=00000000000000000000000000000000, sa_flags=none
SIGTERM: [libjvm.so+0x8f21b0], sa_mask[0]=11111111011111111101111111111110, sa_flags=SA_RESTART|SA_SIGINFO
SIGQUIT: [libjvm.so+0x8f21b0], sa_mask[0]=11111111011111111101111111111110, sa_flags=SA_RESTART|SA_SIGINFO


---------------  S Y S T E M  ---------------

OS:DISTRIB_ID=Ubuntu
DISTRIB_RELEASE=18.04
DISTRIB_CODENAME=bionic
DISTRIB_DESCRIPTION="Ubuntu 18.04.3 LTS"

uname:Linux 5.3.0-59-generic #53~18.04.1-Ubuntu SMP Thu Jun 4 14:58:26 UTC 2020 x86_64
libc:glibc 2.27 NPTL 2.27 
rlimit: STACK 8192k, CORE 0k, NPROC 63495, NOFILE 1048576, AS infinity
load average:3.52 6.53 5.41

/proc/meminfo:
MemTotal:       16303636 kB
MemFree:          242596 kB
MemAvailable:    8227696 kB
Buffers:          668128 kB
Cached:          8444064 kB
SwapCached:            0 kB
Active:          8692768 kB
Inactive:        6038720 kB
Active(anon):    6122936 kB
Inactive(anon):   781452 kB
Active(file):    2569832 kB
Inactive(file):  5257268 kB
Unevictable:      488556 kB
Mlocked:           10608 kB
SwapTotal:       2097148 kB
SwapFree:        2097148 kB
Dirty:            305556 kB
Writeback:             0 kB
AnonPages:       6108176 kB
Mapped:          1229908 kB
Shmem:           1275512 kB
KReclaimable:     500132 kB
Slab:             589572 kB
SReclaimable:     500132 kB
SUnreclaim:        89440 kB
KernelStack:       18592 kB
PageTables:        94708 kB
NFS_Unstable:          0 kB
Bounce:                0 kB
WritebackTmp:          0 kB
CommitLimit:    10248964 kB
Committed_AS:   19239040 kB
VmallocTotal:   34359738367 kB
VmallocUsed:       39860 kB
VmallocChunk:          0 kB
Percpu:             1680 kB
HardwareCorrupted:     0 kB
AnonHugePages:         0 kB
ShmemHugePages:        0 kB
ShmemPmdMapped:        0 kB
CmaTotal:              0 kB
CmaFree:               0 kB
HugePages_Total:       0
HugePages_Free:        0
HugePages_Rsvd:        0
HugePages_Surp:        0
Hugepagesize:       2048 kB
Hugetlb:               0 kB
DirectMap4k:      473716 kB
DirectMap2M:    15161344 kB
DirectMap1G:     1048576 kB

container (cgroup) information:
container_type: cgroupv1
cpu_cpuset_cpus: 0-3
cpu_memory_nodes: 0
active_processor_count: 4
cpu_quota: -1
cpu_period: 100000
cpu_shares: -1
memory_limit_in_bytes: -1
memory_and_swap_limit_in_bytes: -2
memory_soft_limit_in_bytes: -1
memory_usage_in_bytes: 15585554432
memory_max_usage_in_bytes: 0


CPU:total 4 (initial active 4) (2 cores per cpu, 2 threads per core) family 6 model 142 stepping 9, cmov, cx8, fxsr, mmx, sse, sse2, sse3, ssse3, sse4.1, sse4.2, popcnt, avx, avx2, aes, clmul, erms, 3dnowpref, lzcnt, ht, tsc, tscinvbit, bmi1, bmi2, adx

/proc/cpuinfo:
processor	: 0
vendor_id	: GenuineIntel
cpu family	: 6
model		: 142
model name	: Intel(R) Core(TM) i7-7500U CPU @ 2.70GHz
stepping	: 9
microcode	: 0xd6
cpu MHz		: 3500.707
cache size	: 4096 KB
physical id	: 0
siblings	: 4
core id		: 0
cpu cores	: 2
apicid		: 0
initial apicid	: 0
fpu		: yes
fpu_exception	: yes
cpuid level	: 22
wp		: yes
flags		: fpu vme de pse tsc msr pae mce cx8 apic sep mtrr pge mca cmov pat pse36 clflush dts acpi mmx fxsr sse sse2 ss ht tm pbe syscall nx pdpe1gb rdtscp lm constant_tsc art arch_perfmon pebs bts rep_good nopl xtopology nonstop_tsc cpuid aperfmperf pni pclmulqdq dtes64 monitor ds_cpl vmx est tm2 ssse3 sdbg fma cx16 xtpr pdcm pcid sse4_1 sse4_2 x2apic movbe popcnt tsc_deadline_timer aes xsave avx f16c rdrand lahf_lm abm 3dnowprefetch cpuid_fault invpcid_single pti ssbd ibrs ibpb stibp tpr_shadow vnmi flexpriority ept vpid ept_ad fsgsbase tsc_adjust bmi1 avx2 smep bmi2 erms invpcid mpx rdseed adx smap clflushopt intel_pt xsaveopt xsavec xgetbv1 xsaves dtherm ida arat pln pts hwp hwp_notify hwp_act_window hwp_epp md_clear flush_l1d
bugs		: cpu_meltdown spectre_v1 spectre_v2 spec_store_bypass l1tf mds swapgs itlb_multihit srbds
bogomips	: 5799.77
clflush size	: 64
cache_alignment	: 64
address sizes	: 39 bits physical, 48 bits virtual
power management:

processor	: 1
vendor_id	: GenuineIntel
cpu family	: 6
model		: 142
model name	: Intel(R) Core(TM) i7-7500U CPU @ 2.70GHz
stepping	: 9
microcode	: 0xd6
cpu MHz		: 3500.030
cache size	: 4096 KB
physical id	: 0
siblings	: 4
core id		: 1
cpu cores	: 2
apicid		: 2
initial apicid	: 2
fpu		: yes
fpu_exception	: yes
cpuid level	: 22
wp		: yes
flags		: fpu vme de pse tsc msr pae mce cx8 apic sep mtrr pge mca cmov pat pse36 clflush dts acpi mmx fxsr sse sse2 ss ht tm pbe syscall nx pdpe1gb rdtscp lm constant_tsc art arch_perfmon pebs bts rep_good nopl xtopology nonstop_tsc cpuid aperfmperf pni pclmulqdq dtes64 monitor ds_cpl vmx est tm2 ssse3 sdbg fma cx16 xtpr pdcm pcid sse4_1 sse4_2 x2apic movbe popcnt tsc_deadline_timer aes xsave avx f16c rdrand lahf_lm abm 3dnowprefetch cpuid_fault invpcid_single pti ssbd ibrs ibpb stibp tpr_shadow vnmi flexpriority ept vpid ept_ad fsgsbase tsc_adjust bmi1 avx2 smep bmi2 erms invpcid mpx rdseed adx smap clflushopt intel_pt xsaveopt xsavec xgetbv1 xsaves dtherm ida arat pln pts hwp hwp_notify hwp_act_window hwp_epp md_clear flush_l1d
bugs		: cpu_meltdown spectre_v1 spectre_v2 spec_store_bypass l1tf mds swapgs itlb_multihit srbds
bogomips	: 5799.77
clflush size	: 64
cache_alignment	: 64
address sizes	: 39 bits physical, 48 bits virtual
power management:

processor	: 2
vendor_id	: GenuineIntel
cpu family	: 6
model		: 142
model name	: Intel(R) Core(TM) i7-7500U CPU @ 2.70GHz
stepping	: 9
microcode	: 0xd6
cpu MHz		: 3500.004
cache size	: 4096 KB
physical id	: 0
siblings	: 4
core id		: 0
cpu cores	: 2
apicid		: 1
initial apicid	: 1
fpu		: yes
fpu_exception	: yes
cpuid level	: 22
wp		: yes
flags		: fpu vme de pse tsc msr pae mce cx8 apic sep mtrr pge mca cmov pat pse36 clflush dts acpi mmx fxsr sse sse2 ss ht tm pbe syscall nx pdpe1gb rdtscp lm constant_tsc art arch_perfmon pebs bts rep_good nopl xtopology nonstop_tsc cpuid aperfmperf pni pclmulqdq dtes64 monitor ds_cpl vmx est tm2 ssse3 sdbg fma cx16 xtpr pdcm pcid sse4_1 sse4_2 x2apic movbe popcnt tsc_deadline_timer aes xsave avx f16c rdrand lahf_lm abm 3dnowprefetch cpuid_fault invpcid_single pti ssbd ibrs ibpb stibp tpr_shadow vnmi flexpriority ept vpid ept_ad fsgsbase tsc_adjust bmi1 avx2 smep bmi2 erms invpcid mpx rdseed adx smap clflushopt intel_pt xsaveopt xsavec xgetbv1 xsaves dtherm ida arat pln pts hwp hwp_notify hwp_act_window hwp_epp md_clear flush_l1d
bugs		: cpu_meltdown spectre_v1 spectre_v2 spec_store_bypass l1tf mds swapgs itlb_multihit srbds
bogomips	: 5799.77
clflush size	: 64
cache_alignment	: 64
address sizes	: 39 bits physical, 48 bits virtual
power management:

processor	: 3
vendor_id	: GenuineIntel
cpu family	: 6
model		: 142
model name	: Intel(R) Core(TM) i7-7500U CPU @ 2.70GHz
stepping	: 9
microcode	: 0xd6
cpu MHz		: 3500.016
cache size	: 4096 KB
physical id	: 0
siblings	: 4
core id		: 1
cpu cores	: 2
apicid		: 3
initial apicid	: 3
fpu		: yes
fpu_exception	: yes
cpuid level	: 22
wp		: yes
flags		: fpu vme de pse tsc msr pae mce cx8 apic sep mtrr pge mca cmov pat pse36 clflush dts acpi mmx fxsr sse sse2 ss ht tm pbe syscall nx pdpe1gb rdtscp lm constant_tsc art arch_perfmon pebs bts rep_good nopl xtopology nonstop_tsc cpuid aperfmperf pni pclmulqdq dtes64 monitor ds_cpl vmx est tm2 ssse3 sdbg fma cx16 xtpr pdcm pcid sse4_1 sse4_2 x2apic movbe popcnt tsc_deadline_timer aes xsave avx f16c rdrand lahf_lm abm 3dnowprefetch cpuid_fault invpcid_single pti ssbd ibrs ibpb stibp tpr_shadow vnmi flexpriority ept vpid ept_ad fsgsbase tsc_adjust bmi1 avx2 smep bmi2 erms invpcid mpx rdseed adx smap clflushopt intel_pt xsaveopt xsavec xgetbv1 xsaves dtherm ida arat pln pts hwp hwp_notify hwp_act_window hwp_epp md_clear flush_l1d
bugs		: cpu_meltdown spectre_v1 spectre_v2 spec_store_bypass l1tf mds swapgs itlb_multihit srbds
bogomips	: 5799.77
clflush size	: 64
cache_alignment	: 64
address sizes	: 39 bits physical, 48 bits virtual
power management:



Memory: 4k page, physical 16303636k(242596k free), swap 2097148k(2097148k free)

vm_info: OpenJDK 64-Bit Server VM (25.252-b09) for linux-amd64 JRE (1.8.0_252-8u252-b09-1~18.04-b09), built on Apr 15 2020 18:48:05 by "buildd" with gcc 7.5.0

time: Fri Jun 19 06:35:44 2020
timezone: EDT
elapsed time: 2 seconds (0d 0h 0m 2s)

